c:\users\дмитрий\source\repos\umf2\umf2\x64\debug\vc143.pdb
c:\users\дмитрий\source\repos\umf2\umf2\x64\debug\vc143.idb
c:\users\дмитрий\source\repos\umf2\umf2\x64\debug\mainprog.obj
c:\users\дмитрий\source\repos\umf2\umf2\x64\debug\lusolver.obj
c:\users\дмитрий\source\repos\umf2\umf2\x64\debug\functionsofreading.obj
c:\users\дмитрий\source\repos\umf2\umf2\x64\debug\functionsofmesh.obj
c:\users\дмитрий\source\repos\umf2\umf2\x64\debug\functions.obj
c:\users\дмитрий\source\repos\umf2\umf2\x64\debug\functionsofmatrix.obj
c:\users\дмитрий\source\repos\umf2\x64\debug\umf2.exe
c:\users\дмитрий\source\repos\umf2\x64\debug\umf2.pdb
c:\users\дмитрий\source\repos\umf2\umf2\x64\debug\umf2.ilk
c:\users\дмитрий\source\repos\umf2\umf2\x64\debug\functionofmatrix.obj
c:\users\дмитрий\source\repos\umf2\umf2\x64\debug\umf2.tlog\cl.command.1.tlog
c:\users\дмитрий\source\repos\umf2\umf2\x64\debug\umf2.tlog\cl.items.tlog
c:\users\дмитрий\source\repos\umf2\umf2\x64\debug\umf2.tlog\cl.read.1.tlog
c:\users\дмитрий\source\repos\umf2\umf2\x64\debug\umf2.tlog\cl.write.1.tlog
c:\users\дмитрий\source\repos\umf2\umf2\x64\debug\umf2.tlog\link.command.1.tlog
c:\users\дмитрий\source\repos\umf2\umf2\x64\debug\umf2.tlog\link.read.1.tlog
c:\users\дмитрий\source\repos\umf2\umf2\x64\debug\umf2.tlog\link.secondary.1.tlog
c:\users\дмитрий\source\repos\umf2\umf2\x64\debug\umf2.tlog\link.write.1.tlog
